250619 16:27:37 mysqld_safe Starting mysqld daemon with databases from /var/lib/mysql
2025-06-19 16:27:37 0 [Note] Starting MariaDB 10.3.39-MariaDB-0+deb10u2 source revision ca001cf2048f0152689e1895e2dc15486dd0b1af as process 181
2025-06-19 16:27:37 0 [Warning] Setting lower_case_table_names=2 because file system for /var/lib/mysql/ is case insensitive
2025-06-19 16:27:37 0 [Note] InnoDB: Using Linux native AIO
2025-06-19 16:27:37 0 [Note] InnoDB: Mutexes and rw_locks use GCC atomic builtins
2025-06-19 16:27:37 0 [Note] InnoDB: Uses event mutexes
2025-06-19 16:27:37 0 [Note] InnoDB: Compressed tables use zlib 1.2.11
2025-06-19 16:27:37 0 [Note] InnoDB: Number of pools: 1
2025-06-19 16:27:37 0 [Note] InnoDB: Using generic crc32 instructions
2025-06-19 16:27:37 0 [Note] InnoDB: Initializing buffer pool, total size = 128M, instances = 1, chunk size = 128M
2025-06-19 16:27:37 0 [Note] InnoDB: Completed initialization of buffer pool
2025-06-19 16:27:37 0 [Note] InnoDB: If the mysqld execution user is authorized, page cleaner thread priority can be changed. See the man page of setpriority().
2025-06-19 16:27:37 0 [Note] InnoDB: 128 out of 128 rollback segments are active.
2025-06-19 16:27:37 0 [Note] InnoDB: Creating shared tablespace for temporary tables
2025-06-19 16:27:37 0 [Note] InnoDB: Setting file './ibtmp1' size to 12 MB. Physically writing the file full; Please wait ...
2025-06-19 16:27:37 0 [Note] InnoDB: File './ibtmp1' size is now 12 MB.
2025-06-19 16:27:37 0 [Note] InnoDB: Waiting for purge to start
2025-06-19 16:27:37 0 [Note] InnoDB: 10.3.39 started; log sequence number 1996712; transaction id 201
2025-06-19 16:27:37 0 [Note] InnoDB: Loading buffer pool(s) from /var/lib/mysql/ib_buffer_pool
2025-06-19 16:27:37 0 [Note] Plugin 'FEEDBACK' is disabled.
2025-06-19 16:27:37 0 [Note] Server socket created on IP: '0.0.0.0'.
2025-06-19 16:27:37 0 [Note] InnoDB: Buffer pool(s) load completed at 250619 16:27:37
2025-06-19 16:27:37 0 [Note] Reading of all Master_info entries succeeded
2025-06-19 16:27:37 0 [Note] Added new Master_info '' to hash table
2025-06-19 16:27:37 0 [Note] /usr/sbin/mysqld: ready for connections.
Version: '10.3.39-MariaDB-0+deb10u2'  socket: '/var/run/mysqld/mysqld.sock'  port: 3306  Debian 10
2025-06-19 16:27:38 0 [Note] /usr/sbin/mysqld (initiated by: root[root] @ localhost []): Normal shutdown
2025-06-19 16:27:38 0 [Note] Event Scheduler: Purging the queue. 0 events
2025-06-19 16:27:38 0 [Note] InnoDB: FTS optimize thread exiting.
2025-06-19 16:27:38 0 [Note] InnoDB: Starting shutdown...
2025-06-19 16:27:38 0 [Note] InnoDB: Dumping buffer pool(s) to /var/lib/mysql/ib_buffer_pool
2025-06-19 16:27:38 0 [Note] InnoDB: Buffer pool(s) dump completed at 250619 16:27:38
2025-06-19 16:27:39 0 [Note] InnoDB: Removed temporary tablespace data file: "ibtmp1"
2025-06-19 16:27:39 0 [Note] InnoDB: Shutdown completed; log sequence number 1996721; transaction id 202
2025-06-19 16:27:39 0 [Note] /usr/sbin/mysqld: Shutdown complete

250619 16:27:39 mysqld_safe mysqld from pid file /var/lib/mysql/dd1c28e14791.pid ended
